Determining if the pthread_create exist failed with the following output:
Change Dir: /home/robot/2.120-project/catkin_ws/build/CMakeFiles/CMakeTmp

Run Build Command:"/usr/bin/make" "cmTC_4395a/fast"
/usr/bin/make -f CMakeFiles/cmTC_4395a.dir/build.make CMakeFiles/cmTC_4395a.dir/build
make[1]: Entering directory '/home/robot/2.120-project/catkin_ws/build/CMakeFiles/CMakeTmp'
Building C object CMakeFiles/cmTC_4395a.dir/CheckSymbolExists.c.o
/usr/bin/cc     -o CMakeFiles/cmTC_4395a.dir/CheckSymbolExists.c.o   -c /home/robot/2.120-project/catkin_ws/build/CMakeFiles/CMakeTmp/CheckSymbolExists.c
Linking C executable cmTC_4395a
/usr/bin/cmake -E cmake_link_script CMakeFiles/cmTC_4395a.dir/link.txt --verbose=1
/usr/bin/cc       CMakeFiles/cmTC_4395a.dir/CheckSymbolExists.c.o  -o cmTC_4395a -rdynamic 
CMakeFiles/cmTC_4395a.dir/CheckSymbolExists.c.o: In function `main':
CheckSymbolExists.c:(.text+0x16): undefined reference to `pthread_create'
collect2: error: ld returned 1 exit status
CMakeFiles/cmTC_4395a.dir/build.make:97: recipe for target 'cmTC_4395a' failed
make[1]: *** [cmTC_4395a] Error 1
make[1]: Leaving directory '/home/robot/2.120-project/catkin_ws/build/CMakeFiles/CMakeTmp'
Makefile:126: recipe for target 'cmTC_4395a/fast' failed
make: *** [cmTC_4395a/fast] Error 2

File /home/robot/2.120-project/catkin_ws/build/CMakeFiles/CMakeTmp/CheckSymbolExists.c:
/* */
#include <pthread.h>

int main(int argc, char** argv)
{
  (void)argv;
#ifndef pthread_create
  return ((int*)(&pthread_create))[argc];
#else
  (void)argc;
  return 0;
#endif
}

Determining if the function pthread_create exists in the pthreads failed with the following output:
Change Dir: /home/robot/2.120-project/catkin_ws/build/CMakeFiles/CMakeTmp

Run Build Command:"/usr/bin/make" "cmTC_2c865/fast"
/usr/bin/make -f CMakeFiles/cmTC_2c865.dir/build.make CMakeFiles/cmTC_2c865.dir/build
make[1]: Entering directory '/home/robot/2.120-project/catkin_ws/build/CMakeFiles/CMakeTmp'
Building C object CMakeFiles/cmTC_2c865.dir/CheckFunctionExists.c.o
/usr/bin/cc    -DCHECK_FUNCTION_EXISTS=pthread_create   -o CMakeFiles/cmTC_2c865.dir/CheckFunctionExists.c.o   -c /usr/share/cmake-3.5/Modules/CheckFunctionExists.c
Linking C executable cmTC_2c865
/usr/bin/cmake -E cmake_link_script CMakeFiles/cmTC_2c865.dir/link.txt --verbose=1
/usr/bin/cc   -DCHECK_FUNCTION_EXISTS=pthread_create    CMakeFiles/cmTC_2c865.dir/CheckFunctionExists.c.o  -o cmTC_2c865 -rdynamic -lpthreads 
/usr/bin/ld: cannot find -lpthreads
collect2: error: ld returned 1 exit status
CMakeFiles/cmTC_2c865.dir/build.make:97: recipe for target 'cmTC_2c865' failed
make[1]: *** [cmTC_2c865] Error 1
make[1]: Leaving directory '/home/robot/2.120-project/catkin_ws/build/CMakeFiles/CMakeTmp'
Makefile:126: recipe for target 'cmTC_2c865/fast' failed
make: *** [cmTC_2c865/fast] Error 2


