Determining if the pthread_create exist failed with the following output:
Change Dir: /home/robot/2.120-Project/Project_files/catkin_ws/build/CMakeFiles/CMakeTmp

Run Build Command:"/usr/bin/make" "cmTC_18d27/fast"
/usr/bin/make -f CMakeFiles/cmTC_18d27.dir/build.make CMakeFiles/cmTC_18d27.dir/build
make[1]: Entering directory '/home/robot/2.120-Project/Project_files/catkin_ws/build/CMakeFiles/CMakeTmp'
Building C object CMakeFiles/cmTC_18d27.dir/CheckSymbolExists.c.o
/usr/bin/cc     -o CMakeFiles/cmTC_18d27.dir/CheckSymbolExists.c.o   -c /home/robot/2.120-Project/Project_files/catkin_ws/build/CMakeFiles/CMakeTmp/CheckSymbolExists.c
Linking C executable cmTC_18d27
/usr/bin/cmake -E cmake_link_script CMakeFiles/cmTC_18d27.dir/link.txt --verbose=1
/usr/bin/cc       CMakeFiles/cmTC_18d27.dir/CheckSymbolExists.c.o  -o cmTC_18d27 -rdynamic 
CMakeFiles/cmTC_18d27.dir/CheckSymbolExists.c.o: In function `main':
CheckSymbolExists.c:(.text+0x16): undefined reference to `pthread_create'
collect2: error: ld returned 1 exit status
CMakeFiles/cmTC_18d27.dir/build.make:97: recipe for target 'cmTC_18d27' failed
make[1]: *** [cmTC_18d27] Error 1
make[1]: Leaving directory '/home/robot/2.120-Project/Project_files/catkin_ws/build/CMakeFiles/CMakeTmp'
Makefile:126: recipe for target 'cmTC_18d27/fast' failed
make: *** [cmTC_18d27/fast] Error 2

File /home/robot/2.120-Project/Project_files/catkin_ws/build/CMakeFiles/CMakeTmp/CheckSymbolExists.c:
/* */
#include <pthread.h>

int main(int argc, char** argv)
{
  (void)argv;
#ifndef pthread_create
  return ((int*)(&pthread_create))[argc];
#else
  (void)argc;
  return 0;
#endif
}

Determining if the function pthread_create exists in the pthreads failed with the following output:
Change Dir: /home/robot/2.120-Project/Project_files/catkin_ws/build/CMakeFiles/CMakeTmp

Run Build Command:"/usr/bin/make" "cmTC_80023/fast"
/usr/bin/make -f CMakeFiles/cmTC_80023.dir/build.make CMakeFiles/cmTC_80023.dir/build
make[1]: Entering directory '/home/robot/2.120-Project/Project_files/catkin_ws/build/CMakeFiles/CMakeTmp'
Building C object CMakeFiles/cmTC_80023.dir/CheckFunctionExists.c.o
/usr/bin/cc    -DCHECK_FUNCTION_EXISTS=pthread_create   -o CMakeFiles/cmTC_80023.dir/CheckFunctionExists.c.o   -c /usr/share/cmake-3.5/Modules/CheckFunctionExists.c
Linking C executable cmTC_80023
/usr/bin/cmake -E cmake_link_script CMakeFiles/cmTC_80023.dir/link.txt --verbose=1
/usr/bin/cc   -DCHECK_FUNCTION_EXISTS=pthread_create    CMakeFiles/cmTC_80023.dir/CheckFunctionExists.c.o  -o cmTC_80023 -rdynamic -lpthreads 
/usr/bin/ld: cannot find -lpthreads
collect2: error: ld returned 1 exit status
CMakeFiles/cmTC_80023.dir/build.make:97: recipe for target 'cmTC_80023' failed
make[1]: *** [cmTC_80023] Error 1
make[1]: Leaving directory '/home/robot/2.120-Project/Project_files/catkin_ws/build/CMakeFiles/CMakeTmp'
Makefile:126: recipe for target 'cmTC_80023/fast' failed
make: *** [cmTC_80023/fast] Error 2


